[2022-12-08 13:35:58] user="htfc786"(UID1) album=1 photo= action=up 
                      isOK1= isOK2= photoOrder=2 lastPhotoOrder=1 
                album row info: (albumId=1) (dataLen=2) 
                 - id=2 photoOrder=1 
                 - id=1 photoOrder=2 
[2022-12-08 13:36:00] user="htfc786"(UID1) album=1 photo= action=down 
                      isOK1= isOK2= photoOrder=1 lastPhotoOrder=2 
                album row info: (albumId=1) (dataLen=2) 
                 - id=1 photoOrder=1 
                 - id=2 photoOrder=2 
[2022-12-08 14:45:31] user="htfc786"(UID1) album=1 photo= action=up 
                      isOK1= isOK2= photoOrder=3 lastPhotoOrder=2 
                album row info: (albumId=1) (dataLen=3) 
                 - id=1 photoOrder=1 
                 - id=3 photoOrder=2 
                 - id=2 photoOrder=3 
[2022-12-08 14:45:33] user="htfc786"(UID1) album=1 photo= action=up 
                      isOK1= isOK2= photoOrder=2 lastPhotoOrder=1 
                album row info: (albumId=1) (dataLen=3) 
                 - id=3 photoOrder=1 
                 - id=1 photoOrder=2 
                 - id=2 photoOrder=3 
[2022-12-08 16:14:27] user="test"(UID2) album=3 photo= action=up 
                      isOK1= isOK2= photoOrder=3 lastPhotoOrder=2 
                album row info: (albumId=3) (dataLen=3) 
                 - id=5 photoOrder=1 
                 - id=7 photoOrder=2 
                 - id=6 photoOrder=3 
[2022-12-08 16:14:28] user="test"(UID2) album=3 photo= action=up 
                      isOK1= isOK2= photoOrder=3 lastPhotoOrder=2 
                album row info: (albumId=3) (dataLen=3) 
                 - id=5 photoOrder=1 
                 - id=6 photoOrder=2 
                 - id=7 photoOrder=3 
[2022-12-08 16:14:30] user="test"(UID2) album=3 photo= action=up 
                      isOK1= isOK2= photoOrder=3 lastPhotoOrder=2 
                album row info: (albumId=3) (dataLen=3) 
                 - id=5 photoOrder=1 
                 - id=7 photoOrder=2 
                 - id=6 photoOrder=3 
[2022-12-08 16:14:31] user="test"(UID2) album=3 photo= action=up 
                      isOK1= isOK2= photoOrder=2 lastPhotoOrder=1 
                album row info: (albumId=3) (dataLen=3) 
                 - id=7 photoOrder=1 
                 - id=5 photoOrder=2 
                 - id=6 photoOrder=3 
[2022-12-08 16:36:12] user="htfc786"(UID1) album=1 photo= action=up 
                      isOK1= isOK2= photoOrder=3 lastPhotoOrder=2 
                album row info: (albumId=1) (dataLen=3) 
                 - id=1 photoOrder=2 
                 - id=3 photoOrder=3 
                 - id=13 photoOrder=3 
[2022-12-08 19:43:37] user="htfc786"(UID1) album=1 photo= action=up 
                      isOK1= isOK2= photoOrder=3 lastPhotoOrder=2 
                album row info: (albumId=1) (dataLen=3) 
                 - id=13 photoOrder=2 
                 - id=1 photoOrder=3 
                 - id=3 photoOrder=3 
[2022-12-08 19:43:37] user="htfc786"(UID1) album=1 photo= action=up 
                      isOK1= isOK2= photoOrder=3 lastPhotoOrder=2 
                album row info: (albumId=1) (dataLen=3) 
                 - id=3 photoOrder=2 
                 - id=1 photoOrder=3 
                 - id=13 photoOrder=3 
[2022-12-08 19:43:40] user="htfc786"(UID1) album=1 photo= action=up 
                      isOK1= isOK2= photoOrder=3 lastPhotoOrder=2 
                album row info: (albumId=1) (dataLen=3) 
                 - id=13 photoOrder=2 
                 - id=1 photoOrder=3 
                 - id=3 photoOrder=3 
[2022-12-08 19:43:44] user="htfc786"(UID1) album=1 photo= action=up 
                      isOK1= isOK2= photoOrder=3 lastPhotoOrder=2 
                album row info: (albumId=1) (dataLen=3) 
                 - id=1 photoOrder=2 
                 - id=3 photoOrder=3 
                 - id=13 photoOrder=3 
[2022-12-08 19:43:45] user="htfc786"(UID1) album=1 photo= action=up 
                      isOK1= isOK2= photoOrder=3 lastPhotoOrder=2 
                album row info: (albumId=1) (dataLen=3) 
                 - id=3 photoOrder=2 
                 - id=1 photoOrder=3 
                 - id=13 photoOrder=3 
[2022-12-08 19:43:47] user="htfc786"(UID1) album=1 photo= action=up 
                      isOK1= isOK2= photoOrder=3 lastPhotoOrder=2 
                album row info: (albumId=1) (dataLen=3) 
                 - id=13 photoOrder=2 
                 - id=1 photoOrder=3 
                 - id=3 photoOrder=3 
[2022-12-08 19:44:11] user="htfc786"(UID1) album=1 photo= action=up 
                      isOK1= isOK2= photoOrder=2 lastPhotoOrder=1 
                album row info: (albumId=1) (dataLen=3) 
                 - id=13 photoOrder=1 
                 - id=1 photoOrder=3 
                 - id=3 photoOrder=3 
[2022-12-08 19:44:14] user="htfc786"(UID1) album=1 photo= action=up 
                      isOK1= isOK2= photoOrder=3 lastPhotoOrder=2 
                album row info: (albumId=1) (dataLen=3) 
                 - id=13 photoOrder=1 
                 - id=1 photoOrder=2 
                 - id=3 photoOrder=3 
[2022-12-08 19:44:15] user="htfc786"(UID1) album=1 photo= action=up 
                      isOK1= isOK2= photoOrder=2 lastPhotoOrder=1 
                album row info: (albumId=1) (dataLen=3) 
                 - id=1 photoOrder=1 
                 - id=13 photoOrder=2 
                 - id=3 photoOrder=3 
[2022-12-08 19:44:15] user="htfc786"(UID1) album=1 photo= action=up 
                      isOK1= isOK2= photoOrder=2 lastPhotoOrder=1 
                album row info: (albumId=1) (dataLen=3) 
                 - id=13 photoOrder=1 
                 - id=1 photoOrder=2 
                 - id=3 photoOrder=3 
[2022-12-08 19:44:16] user="htfc786"(UID1) album=1 photo= action=up 
                      isOK1= isOK2= photoOrder=2 lastPhotoOrder=1 
                album row info: (albumId=1) (dataLen=3) 
                 - id=1 photoOrder=1 
                 - id=13 photoOrder=2 
                 - id=3 photoOrder=3 
[2022-12-08 19:44:17] user="htfc786"(UID1) album=1 photo= action=down 
                      isOK1= isOK2= photoOrder=2 lastPhotoOrder=3 
                album row info: (albumId=1) (dataLen=3) 
                 - id=1 photoOrder=1 
                 - id=3 photoOrder=2 
                 - id=13 photoOrder=3 
[2022-12-19 12:59:12] user="test"(UID2) album=4 photo= action=up 
                      isOK1= isOK2= photoOrder=4 lastPhotoOrder=3 
                album row info: (albumId=4) (dataLen=4) 
                 - id=8 photoOrder=2 
                 - id=11 photoOrder=2 
                 - id=12 photoOrder=2 
                 - id=14 photoOrder=3 
[2022-12-19 12:59:15] user="test"(UID2) album=4 photo= action=up 
                      isOK1= isOK2= photoOrder=2 lastPhotoOrder=1 
                album row info: (albumId=4) (dataLen=4) 
                 - id=11 photoOrder=1 
                 - id=8 photoOrder=2 
                 - id=12 photoOrder=2 
                 - id=14 photoOrder=3 
